<?xml version="1.0" encoding="UTF-8"?>
<!-- Generated by org.testng.reporters.JUnitReportReporter -->
<testsuite skipped="0" hostname="DESKTOP-BAKBKRD" name="com.training.selenium.TestNG.TestGoogle" tests="2" failures="0" timestamp="19 Jan 2019 12:35:13 GMT" time="24.339" errors="0">
  <testcase name="test_gmailLink" time="15.882" classname="com.training.selenium.TestNG.TestGoogle"/>
  <testcase name="test_google_title" time="8.457" classname="com.training.selenium.TestNG.TestGoogle"/>
</testsuite> <!-- com.training.selenium.TestNG.TestGoogle -->
