<?xml version="1.0" encoding="UTF-8"?>
<!-- Generated by org.testng.reporters.JUnitReportReporter -->
<testsuite skipped="0" hostname="DESKTOP-BAKBKRD" name="com.training.selenium.TestNG.TestValidationsSelenium" tests="2" failures="0" timestamp="19 Jan 2019 12:35:13 GMT" time="0.015" errors="0">
  <testcase name="f" time="0.015" classname="com.training.selenium.TestNG.TestValidationsSelenium"/>
  <testcase name="test_b" time="0.000" classname="com.training.selenium.TestNG.TestValidationsSelenium"/>
</testsuite> <!-- com.training.selenium.TestNG.TestValidationsSelenium -->
