<?xml version="1.0" encoding="UTF-8"?>
<!-- Generated by org.testng.reporters.JUnitReportReporter -->
<testsuite skipped="0" hostname="DESKTOP-BAKBKRD" name="com.training.com.training.selenium.TestValidationsSelenium" tests="2" failures="0" timestamp="19 Jan 2019 11:52:19 GMT" time="0.039" errors="0">
  <testcase name="f" time="0.022" classname="com.training.com.training.selenium.TestValidationsSelenium"/>
  <testcase name="test_b" time="0.017" classname="com.training.com.training.selenium.TestValidationsSelenium"/>
</testsuite> <!-- com.training.com.training.selenium.TestValidationsSelenium -->
